#
# There is insufficient memory for the Java Runtime Environment to continue.
# Native memory allocation (malloc) failed to allocate 131072000 bytes for committing reserved memory.
# Possible reasons:
#   The system is out of physical RAM or swap space
#   In 32 bit mode, the process size limit was hit
# Possible solutions:
#   Reduce memory load on the system
#   Increase physical memory or swap space
#   Check if swap backing store is full
#   Use 64 bit Java on a 64 bit OS
#   Decrease Java heap size (-Xmx/-Xms)
#   Decrease number of Java threads
#   Decrease Java thread stack sizes (-Xss)
#   Set larger code cache with -XX:ReservedCodeCacheSize=
# This output file may be truncated or incomplete.
#
#  Out of Memory Error (os_linux.cpp:2798), pid=16470, tid=139920720799488
#
# JRE version: OpenJDK Runtime Environment (7.0_65-b32) (build 1.7.0_65-b32)
# Java VM: OpenJDK 64-Bit Server VM (24.65-b04 mixed mode linux-amd64 compressed oops)
# Derivative: IcedTea 2.5.2
# Distribution: Ubuntu 14.04 LTS, package 7u65-2.5.2-3~14.04
# Failed to write core dump. Core dumps have been disabled. To enable core dumping, try "ulimit -c unlimited" before starting Java again
#

---------------  T H R E A D  ---------------

Current thread (0x00007f41e013d800):  VMThread [stack: 0x00007f41d4cc2000,0x00007f41d4dc3000] [id=16484]

Stack: [0x00007f41d4cc2000,0x00007f41d4dc3000],  sp=0x00007f41d4dc1490,  free space=1021k
Native frames: (J=compiled Java code, j=interpreted, Vv=VM code, C=native code)
V  [libjvm.so+0x9486a5]  VMError::report_and_die()+0x175
V  [libjvm.so+0x48b904]  report_vm_out_of_memory(char const*, int, unsigned long, char const*)+0x74
V  [libjvm.so+0x7c76ab]  os::pd_commit_memory(char*, unsigned long, unsigned long, bool)+0xeb
V  [libjvm.so+0x7c216f]  os::commit_memory(char*, unsigned long, unsigned long, bool)+0x1f
V  [libjvm.so+0x8338fb]  PSVirtualSpace::expand_by(unsigned long)+0x5b
V  [libjvm.so+0x834750]  PSYoungGen::resize_generation(unsigned long, unsigned long)+0xb0
V  [libjvm.so+0x834e3b]  PSYoungGen::resize(unsigned long, unsigned long)+0x1b
V  [libjvm.so+0x831120]  PSScavenge::invoke_no_policy()+0xde0
V  [libjvm.so+0x8318f8]  PSScavenge::invoke()+0x38
V  [libjvm.so+0x7e82d3]  ParallelScavengeHeap::failed_mem_allocate(unsigned long)+0x63
V  [libjvm.so+0x94a0a4]  VM_ParallelGCFailedAllocation::doit()+0x84
V  [libjvm.so+0x94e597]  VM_Operation::evaluate()+0x47
V  [libjvm.so+0x94cf08]  VMThread::evaluate_operation(VM_Operation*)+0x318
V  [libjvm.so+0x94d369]  VMThread::loop()+0x219
V  [libjvm.so+0x94d7b2]  VMThread::run()+0x72
V  [libjvm.so+0x7c4572]  java_start(Thread*)+0xf2

VM_Operation (0x00007f41e7479230): ParallelGCFailedAllocation, mode: safepoint, requested by thread 0x00007f41e000b000


---------------  P R O C E S S  ---------------

Java Threads: ( => current thread )
  0x00007f41e016e000 JavaThread "Service Thread" daemon [_thread_blocked, id=16490, stack(0x00007f41d438f000,0x00007f41d4490000)]
  0x00007f41e016c000 JavaThread "C2 CompilerThread1" daemon [_thread_blocked, id=16489, stack(0x00007f41d4490000,0x00007f41d4591000)]
  0x00007f41e0169000 JavaThread "C2 CompilerThread0" daemon [_thread_blocked, id=16488, stack(0x00007f41d4591000,0x00007f41d4692000)]
  0x00007f41e0166800 JavaThread "Signal Dispatcher" daemon [_thread_blocked, id=16487, stack(0x00007f41d4692000,0x00007f41d4793000)]
  0x00007f41e0144000 JavaThread "Finalizer" daemon [_thread_blocked, id=16486, stack(0x00007f41d4ac0000,0x00007f41d4bc1000)]
  0x00007f41e0142000 JavaThread "Reference Handler" daemon [_thread_blocked, id=16485, stack(0x00007f41d4bc1000,0x00007f41d4cc2000)]
  0x00007f41e000b000 JavaThread "main" [_thread_blocked, id=16479, stack(0x00007f41e737a000,0x00007f41e747b000)]

Other Threads:
=>0x00007f41e013d800 VMThread [stack: 0x00007f41d4cc2000,0x00007f41d4dc3000] [id=16484]
  0x00007f41e0171000 WatcherThread [stack: 0x00007f41d428e000,0x00007f41d438f000] [id=16491]

VM state:at safepoint (normal execution)

VM Mutex/Monitor currently owned by a thread:  ([mutex/lock_event])
[0x00007f41e0007660] Threads_lock - owner thread: 0x00007f41e013d800
[0x00007f41e0007b60] Heap_lock - owner thread: 0x00007f41e000b000

Heap
 PSYoungGen      total 138752K, used 10997K [0x00000000eaa80000, 0x00000000f3e80000, 0x0000000100000000)
  eden space 126464K, 0% used [0x00000000eaa80000,0x00000000eaa80000,0x00000000f2600000)
  from space 12288K, 89% used [0x00000000f2600000,0x00000000f30bd488,0x00000000f3200000)
  to   space 11776K, 0% used [0x00000000f3200000,0x00000000f3200000,0x00000000f3d80000)
 ParOldGen       total 41984K, used 28343K [0x00000000c0000000, 0x00000000c2900000, 0x00000000eaa80000)
  object space 41984K, 67% used [0x00000000c0000000,0x00000000c1baddf0,0x00000000c2900000)
 PSPermGen       total 21504K, used 7406K [0x00000000b5a00000, 0x00000000b6f00000, 0x00000000c0000000)
  object space 21504K, 34% used [0x00000000b5a00000,0x00000000b613bbb8,0x00000000b6f00000)

Card table byte_map: [0x00007f41dcba3000,0x00007f41dcdf7000] byte_map_base: 0x00007f41dc5f6000

Polling page: 0x00007f41e7498000

Code Cache  [0x00007f41dcdf7000, 0x00007f41dd137000, 0x00007f41dfdf7000)
 total_blobs=1295 nmethods=1045 adapters=203 free_code_cache=45886Kb largest_free_block=46936256

Compilation events (10 events):
Event: 12.073 Thread 0x00007f41e0169000 nmethod 1062 0x00007f41dd11dd90 code [0x00007f41dd11dee0, 0x00007f41dd11e0d8]
Event: 12.073 Thread 0x00007f41e0169000 1063             com.android.dx.io.instructions.InstructionCodec$16::encode (37 bytes)
Event: 12.075 Thread 0x00007f41e0169000 nmethod 1063 0x00007f41dd11f550 code [0x00007f41dd11f6c0, 0x00007f41dd11f8f8]
Event: 12.076 Thread 0x00007f41e0169000 1064             com.android.dx.io.instructions.RegisterRangeDecodedInstruction::<init> (26 bytes)
Event: 12.077 Thread 0x00007f41e0169000 nmethod 1064 0x00007f41dd11c610 code [0x00007f41dd11c760, 0x00007f41dd11c878]
Event: 12.077 Thread 0x00007f41e0169000 1065             com.android.dex.Dex::readClassData (28 bytes)
Event: 12.104 Thread 0x00007f41e0169000 nmethod 1065 0x00007f41dd130450 code [0x00007f41dd1306e0, 0x00007f41dd131548]
Event: 12.104 Thread 0x00007f41e0169000 1066             com.android.dex.Dex$Section::access$800 (5 bytes)
Event: 12.120 Thread 0x00007f41e0169000 nmethod 1066 0x00007f41dd1326d0 code [0x00007f41dd132920, 0x00007f41dd1333c8]
Event: 12.120 Thread 0x00007f41e0169000 1067             com.android.dex.Dex$Section::readClassData (66 bytes)

GC Heap History (10 events):
Event: 3.123 GC heap after
Heap after GC invocations=2 (full 0):
 PSYoungGen      total 34304K, used 2544K [0x00000000eaa80000, 0x00000000ece80000, 0x0000000100000000)
  eden space 31744K, 0% used [0x00000000eaa80000,0x00000000eaa80000,0x00000000ec980000)
  from space 2560K, 99% used [0x00000000ecc00000,0x00000000ece7c038,0x00000000ece80000)
  to   space 2560K, 0% used [0x00000000ec980000,0x00000000ec980000,0x00000000ecc00000)
 ParOldGen       total 41984K, used 4113K [0x00000000c0000000, 0x00000000c2900000, 0x00000000eaa80000)
  object space 41984K, 9% used [0x00000000c0000000,0x00000000c0404538,0x00000000c2900000)
 PSPermGen       total 21504K, used 5056K [0x00000000b5a00000, 0x00000000b6f00000, 0x00000000c0000000)
  object space 21504K, 23% used [0x00000000b5a00000,0x00000000b5ef0220,0x00000000b6f00000)
}
Event: 4.054 GC heap before
{Heap before GC invocations=3 (full 0):
 PSYoungGen      total 34304K, used 34288K [0x00000000eaa80000, 0x00000000ece80000, 0x0000000100000000)
  eden space 31744K, 100% used [0x00000000eaa80000,0x00000000ec980000,0x00000000ec980000)
  from space 2560K, 99% used [0x00000000ecc00000,0x00000000ece7c038,0x00000000ece80000)
  to   space 2560K, 0% used [0x00000000ec980000,0x00000000ec980000,0x00000000ecc00000)
 ParOldGen       total 41984K, used 4113K [0x00000000c0000000, 0x00000000c2900000, 0x00000000eaa80000)
  object space 41984K, 9% used [0x00000000c0000000,0x00000000c0404538,0x00000000c2900000)
 PSPermGen       total 21504K, used 5143K [0x00000000b5a00000, 0x00000000b6f00000, 0x00000000c0000000)
  object space 21504K, 23% used [0x00000000b5a00000,0x00000000b5f05d18,0x00000000b6f00000)
Event: 4.464 GC heap after
Heap after GC invocations=3 (full 0):
 PSYoungGen      total 34304K, used 2528K [0x00000000eaa80000, 0x00000000eed80000, 0x0000000100000000)
  eden space 31744K, 0% used [0x00000000eaa80000,0x00000000eaa80000,0x00000000ec980000)
  from space 2560K, 98% used [0x00000000ec980000,0x00000000ecbf8028,0x00000000ecc00000)
  to   space 2560K, 0% used [0x00000000eeb00000,0x00000000eeb00000,0x00000000eed80000)
 ParOldGen       total 41984K, used 9590K [0x00000000c0000000, 0x00000000c2900000, 0x00000000eaa80000)
  object space 41984K, 22% used [0x00000000c0000000,0x00000000c095d968,0x00000000c2900000)
 PSPermGen       total 21504K, used 5143K [0x00000000b5a00000, 0x00000000b6f00000, 0x00000000c0000000)
  object space 21504K, 23% used [0x00000000b5a00000,0x00000000b5f05d18,0x00000000b6f00000)
}
Event: 5.043 GC heap before
{Heap before GC invocations=4 (full 0):
 PSYoungGen      total 34304K, used 34272K [0x00000000eaa80000, 0x00000000eed80000, 0x0000000100000000)
  eden space 31744K, 100% used [0x00000000eaa80000,0x00000000ec980000,0x00000000ec980000)
  from space 2560K, 98% used [0x00000000ec980000,0x00000000ecbf8028,0x00000000ecc00000)
  to   space 2560K, 0% used [0x00000000eeb00000,0x00000000eeb00000,0x00000000eed80000)
 ParOldGen       total 41984K, used 9590K [0x00000000c0000000, 0x00000000c2900000, 0x00000000eaa80000)
  object space 41984K, 22% used [0x00000000c0000000,0x00000000c095d968,0x00000000c2900000)
 PSPermGen       total 21504K, used 5181K [0x00000000b5a00000, 0x00000000b6f00000, 0x00000000c0000000)
  object space 21504K, 24% used [0x00000000b5a00000,0x00000000b5f0f538,0x00000000b6f00000)
Event: 5.060 GC heap after
Heap after GC invocations=4 (full 0):
 PSYoungGen      total 66048K, used 2549K [0x00000000eaa80000, 0x00000000eed80000, 0x0000000100000000)
  eden space 63488K, 0% used [0x00000000eaa80000,0x00000000eaa80000,0x00000000ee880000)
  from space 2560K, 99% used [0x00000000eeb00000,0x00000000eed7d420,0x00000000eed80000)
  to   space 2560K, 0% used [0x00000000ee880000,0x00000000ee880000,0x00000000eeb00000)
 ParOldGen       total 41984K, used 14654K [0x00000000c0000000, 0x00000000c2900000, 0x00000000eaa80000)
  object space 41984K, 34% used [0x00000000c0000000,0x00000000c0e4fb98,0x00000000c2900000)
 PSPermGen       total 21504K, used 5181K [0x00000000b5a00000, 0x00000000b6f00000, 0x00000000c0000000)
  object space 21504K, 24% used [0x00000000b5a00000,0x00000000b5f0f538,0x00000000b6f00000)
}
Event: 8.760 GC heap before
{Heap before GC invocations=5 (full 0):
 PSYoungGen      total 66048K, used 66037K [0x00000000eaa80000, 0x00000000eed80000, 0x0000000100000000)
  eden space 63488K, 100% used [0x00000000eaa80000,0x00000000ee880000,0x00000000ee880000)
  from space 2560K, 99% used [0x00000000eeb00000,0x00000000eed7d420,0x00000000eed80000)
  to   space 2560K, 0% used [0x00000000ee880000,0x00000000ee880000,0x00000000eeb00000)
 ParOldGen       total 41984K, used 14654K [0x00000000c0000000, 0x00000000c2900000, 0x00000000eaa80000)
  object space 41984K, 34% used [0x00000000c0000000,0x00000000c0e4fb98,0x00000000c2900000)
 PSPermGen       total 21504K, used 6298K [0x00000000b5a00000, 0x00000000b6f00000, 0x00000000c0000000)
  object space 21504K, 29% used [0x00000000b5a00000,0x00000000b6026b08,0x00000000b6f00000)
Event: 9.072 GC heap after
Heap after GC invocations=5 (full 0):
 PSYoungGen      total 66048K, used 2552K [0x00000000eaa80000, 0x00000000f3d80000, 0x0000000100000000)
  eden space 63488K, 0% used [0x00000000eaa80000,0x00000000eaa80000,0x00000000ee880000)
  from space 2560K, 99% used [0x00000000ee880000,0x00000000eeafe2e0,0x00000000eeb00000)
  to   space 11776K, 0% used [0x00000000f3200000,0x00000000f3200000,0x00000000f3d80000)
 ParOldGen       total 41984K, used 22630K [0x00000000c0000000, 0x00000000c2900000, 0x00000000eaa80000)
  object space 41984K, 53% used [0x00000000c0000000,0x00000000c1619960,0x00000000c2900000)
 PSPermGen       total 21504K, used 6298K [0x00000000b5a00000, 0x00000000b6f00000, 0x00000000c0000000)
  object space 21504K, 29% used [0x00000000b5a00000,0x00000000b6026b08,0x00000000b6f00000)
}
Event: 11.158 GC heap before
{Heap before GC invocations=6 (full 0):
 PSYoungGen      total 66048K, used 66040K [0x00000000eaa80000, 0x00000000f3d80000, 0x0000000100000000)
  eden space 63488K, 100% used [0x00000000eaa80000,0x00000000ee880000,0x00000000ee880000)
  from space 2560K, 99% used [0x00000000ee880000,0x00000000eeafe2e0,0x00000000eeb00000)
  to   space 11776K, 0% used [0x00000000f3200000,0x00000000f3200000,0x00000000f3d80000)
 ParOldGen       total 41984K, used 22630K [0x00000000c0000000, 0x00000000c2900000, 0x00000000eaa80000)
  object space 41984K, 53% used [0x00000000c0000000,0x00000000c1619960,0x00000000c2900000)
 PSPermGen       total 21504K, used 7376K [0x00000000b5a00000, 0x00000000b6f00000, 0x00000000c0000000)
  object space 21504K, 34% used [0x00000000b5a00000,0x00000000b6134320,0x00000000b6f00000)
Event: 11.175 GC heap after
Heap after GC invocations=6 (full 0):
 PSYoungGen      total 138240K, used 8875K [0x00000000eaa80000, 0x00000000f3e80000, 0x0000000100000000)
  eden space 126464K, 0% used [0x00000000eaa80000,0x00000000eaa80000,0x00000000f2600000)
  from space 11776K, 75% used [0x00000000f3200000,0x00000000f3aaaff8,0x00000000f3d80000)
  to   space 12288K, 0% used [0x00000000f2600000,0x00000000f2600000,0x00000000f3200000)
 ParOldGen       total 41984K, used 22630K [0x00000000c0000000, 0x00000000c2900000, 0x00000000eaa80000)
  object space 41984K, 53% used [0x00000000c0000000,0x00000000c1619960,0x00000000c2900000)
 PSPermGen       total 21504K, used 7376K [0x00000000b5a00000, 0x00000000b6f00000, 0x00000000c0000000)
  object space 21504K, 34% used [0x00000000b5a00000,0x00000000b6134320,0x00000000b6f00000)
}
Event: 12.130 GC heap before
{Heap before GC invocations=7 (full 0):
 PSYoungGen      total 138240K, used 135339K [0x00000000eaa80000, 0x00000000f3e80000, 0x0000000100000000)
  eden space 126464K, 100% used [0x00000000eaa80000,0x00000000f2600000,0x00000000f2600000)
  from space 11776K, 75% used [0x00000000f3200000,0x00000000f3aaaff8,0x00000000f3d80000)
  to   space 12288K, 0% used [0x00000000f2600000,0x00000000f2600000,0x00000000f3200000)
 ParOldGen       total 41984K, used 22630K [0x00000000c0000000, 0x00000000c2900000, 0x00000000eaa80000)
  object space 41984K, 53% used [0x00000000c0000000,0x00000000c1619960,0x00000000c2900000)
 PSPermGen       total 21504K, used 7406K [0x00000000b5a00000, 0x00000000b6f00000, 0x00000000c0000000)
  object space 21504K, 34% used [0x00000000b5a00000,0x00000000b613bbb8,0x00000000b6f00000)

Deoptimization events (10 events):
Event: 11.325 Thread 0x00007f41e000b000 Uncommon trap: reason=array_check action=maybe_recompile pc=0x00007f41dd0cb414 method=java.util.ComparableTimSort.binarySort([Ljava/lang/Object;III)V @ 193
Event: 11.349 Thread 0x00007f41e000b000 Uncommon trap: reason=array_check action=maybe_recompile pc=0x00007f41dd0f195c method=java.util.TimSort.binarySort([Ljava/lang/Object;IIILjava/util/Comparator;)V @ 215
Event: 11.349 Thread 0x00007f41e000b000 Uncommon trap: reason=array_check action=maybe_recompile pc=0x00007f41dd0f1a58 method=java.util.TimSort.binarySort([Ljava/lang/Object;IIILjava/util/Comparator;)V @ 193
Event: 11.349 Thread 0x00007f41e000b000 Uncommon trap: reason=array_check action=maybe_recompile pc=0x00007f41dd0f1a58 method=java.util.TimSort.binarySort([Ljava/lang/Object;IIILjava/util/Comparator;)V @ 193
Event: 11.349 Thread 0x00007f41e000b000 Uncommon trap: reason=array_check action=maybe_recompile pc=0x00007f41dd0f195c method=java.util.TimSort.binarySort([Ljava/lang/Object;IIILjava/util/Comparator;)V @ 215
Event: 11.472 Thread 0x00007f41e000b000 Uncommon trap: reason=array_check action=maybe_recompile pc=0x00007f41dd0cb414 method=java.util.ComparableTimSort.binarySort([Ljava/lang/Object;III)V @ 193
Event: 11.487 Thread 0x00007f41e000b000 Uncommon trap: reason=array_check action=maybe_recompile pc=0x00007f41dd116e70 method=java.util.TimSort.binarySort([Ljava/lang/Object;IIILjava/util/Comparator;)V @ 183
Event: 11.487 Thread 0x00007f41e000b000 Uncommon trap: reason=array_check action=maybe_recompile pc=0x00007f41dd116e70 method=java.util.TimSort.binarySort([Ljava/lang/Object;IIILjava/util/Comparator;)V @ 183
Event: 11.860 Thread 0x00007f41e000b000 Uncommon trap: reason=array_check action=maybe_recompile pc=0x00007f41dd0cb414 method=java.util.ComparableTimSort.binarySort([Ljava/lang/Object;III)V @ 193
Event: 12.093 Thread 0x00007f41e000b000 Uncommon trap: reason=array_check action=maybe_recompile pc=0x00007f41dd0cb414 method=java.util.ComparableTimSort.binarySort([Ljava/lang/Object;III)V @ 193

Internal exceptions (10 events):
Event: 9.270 Thread 0x00007f41e000b000 Threw 0x00000000eae7e6f8 at /build/buildd/openjdk-7-7u65-2.5.2/build/openjdk/hotspot/src/share/vm/prims/jvm.cpp:1247
Event: 9.273 Thread 0x00007f41e000b000 Threw 0x00000000eae863c8 at /build/buildd/openjdk-7-7u65-2.5.2/build/openjdk/hotspot/src/share/vm/prims/jvm.cpp:1247
Event: 9.273 Thread 0x00007f41e000b000 Threw 0x00000000eae890c0 at /build/buildd/openjdk-7-7u65-2.5.2/build/openjdk/hotspot/src/share/vm/prims/jvm.cpp:1247
Event: 9.797 Thread 0x00007f41e000b000 Threw 0x00000000eb2e2930 at /build/buildd/openjdk-7-7u65-2.5.2/build/openjdk/hotspot/src/share/vm/prims/jvm.cpp:1247
Event: 9.797 Thread 0x00007f41e000b000 Threw 0x00000000eb2e2a58 at /build/buildd/openjdk-7-7u65-2.5.2/build/openjdk/hotspot/src/share/vm/prims/jvm.cpp:1247
Event: 9.797 Thread 0x00007f41e000b000 Threw 0x00000000eb2e5108 at /build/buildd/openjdk-7-7u65-2.5.2/build/openjdk/hotspot/src/share/vm/prims/jvm.cpp:1247
Event: 9.797 Thread 0x00007f41e000b000 Threw 0x00000000eb2e5230 at /build/buildd/openjdk-7-7u65-2.5.2/build/openjdk/hotspot/src/share/vm/prims/jvm.cpp:1247
Event: 9.797 Thread 0x00007f41e000b000 Threw 0x00000000eb2e5c30 at /build/buildd/openjdk-7-7u65-2.5.2/build/openjdk/hotspot/src/share/vm/prims/jvm.cpp:1247
Event: 9.797 Thread 0x00007f41e000b000 Threw 0x00000000eb2e5d58 at /build/buildd/openjdk-7-7u65-2.5.2/build/openjdk/hotspot/src/share/vm/prims/jvm.cpp:1247
Event: 10.839 Thread 0x00007f41e000b000 Threw 0x00000000ebfc4b08 at /build/buildd/openjdk-7-7u65-2.5.2/build/openjdk/hotspot/src/share/vm/prims/jvm.cpp:1247

Events (10 events):
Event: 11.487 Thread 0x00007f41e000b000 Uncommon trap: trap_request=0xffffffd6 fr.pc=0x00007f41dd116e70
Event: 11.487 Thread 0x00007f41e000b000 DEOPT PACKING pc=0x00007f41dd116e70 sp=0x00007f41e7479490
Event: 11.487 Thread 0x00007f41e000b000 DEOPT UNPACKING pc=0x00007f41dce30445 sp=0x00007f41e7479458 mode 2
Event: 11.860 Thread 0x00007f41e000b000 Uncommon trap: trap_request=0xffffffd6 fr.pc=0x00007f41dd0cb414
Event: 11.860 Thread 0x00007f41e000b000 DEOPT PACKING pc=0x00007f41dd0cb414 sp=0x00007f41e7479450
Event: 11.860 Thread 0x00007f41e000b000 DEOPT UNPACKING pc=0x00007f41dce30445 sp=0x00007f41e7479418 mode 2
Event: 12.093 Thread 0x00007f41e000b000 Uncommon trap: trap_request=0xffffffd6 fr.pc=0x00007f41dd0cb414
Event: 12.093 Thread 0x00007f41e000b000 DEOPT PACKING pc=0x00007f41dd0cb414 sp=0x00007f41e7479450
Event: 12.093 Thread 0x00007f41e000b000 DEOPT UNPACKING pc=0x00007f41dce30445 sp=0x00007f41e7479418 mode 2
Event: 12.130 Executing VM operation: ParallelGCFailedAllocation


Dynamic libraries:
00400000-00401000 r-xp 00000000 08:06 525475                             /usr/lib/jvm/java-7-openjdk-amd64/jre/bin/java
00600000-00601000 r--p 00000000 08:06 525475                             /usr/lib/jvm/java-7-openjdk-amd64/jre/bin/java
00601000-00602000 rw-p 00001000 08:06 525475                             /usr/lib/jvm/java-7-openjdk-amd64/jre/bin/java
01589000-015aa000 rw-p 00000000 00:00 0                                  [heap]
b5a00000-b6f00000 rw-p 00000000 00:00 0 
b6f00000-c0000000 rw-p 00000000 00:00 0 
c0000000-c2900000 rw-p 00000000 00:00 0 
c2900000-eaa80000 rw-p 00000000 00:00 0 
eaa80000-f3e80000 rw-p 00000000 00:00 0 
fbb80000-100000000 rw-p 00000000 00:00 0 
7f41a0000000-7f41a0021000 rw-p 00000000 00:00 0 
7f41a0021000-7f41a4000000 ---p 00000000 00:00 0 
7f41a8000000-7f41a921d000 rw-p 00000000 00:00 0 
7f41a921d000-7f41ac000000 ---p 00000000 00:00 0 
7f41ac000000-7f41ac021000 rw-p 00000000 00:00 0 
7f41ac021000-7f41b0000000 ---p 00000000 00:00 0 
7f41b0000000-7f41b0021000 rw-p 00000000 00:00 0 
7f41b0021000-7f41b4000000 ---p 00000000 00:00 0 
7f41b4000000-7f41b50b4000 rw-p 00000000 00:00 0 
7f41b50b4000-7f41b8000000 ---p 00000000 00:00 0 
7f41b8000000-7f41b8021000 rw-p 00000000 00:00 0 
7f41b8021000-7f41bc000000 ---p 00000000 00:00 0 
7f41bc000000-7f41bc021000 rw-p 00000000 00:00 0 
7f41bc021000-7f41c0000000 ---p 00000000 00:00 0 
7f41c0000000-7f41c0021000 rw-p 00000000 00:00 0 
7f41c0021000-7f41c4000000 ---p 00000000 00:00 0 
7f41c4000000-7f41c4240000 rw-p 00000000 00:00 0 
7f41c4240000-7f41c8000000 ---p 00000000 00:00 0 
7f41c8000000-7f41c8021000 rw-p 00000000 00:00 0 
7f41c8021000-7f41cc000000 ---p 00000000 00:00 0 
7f41cea94000-7f41cead1000 r-xp 00000000 08:06 2147                       /lib/x86_64-linux-gnu/libpcre.so.3.13.1
7f41cead1000-7f41cecd0000 ---p 0003d000 08:06 2147                       /lib/x86_64-linux-gnu/libpcre.so.3.13.1
7f41cecd0000-7f41cecd1000 r--p 0003c000 08:06 2147                       /lib/x86_64-linux-gnu/libpcre.so.3.13.1
7f41cecd1000-7f41cecd2000 rw-p 0003d000 08:06 2147                       /lib/x86_64-linux-gnu/libpcre.so.3.13.1
7f41cecd2000-7f41cecd9000 r-xp 00000000 08:06 268052                     /usr/lib/x86_64-linux-gnu/libffi.so.6.0.1
7f41cecd9000-7f41ceed8000 ---p 00007000 08:06 268052                     /usr/lib/x86_64-linux-gnu/libffi.so.6.0.1
7f41ceed8000-7f41ceed9000 r--p 00006000 08:06 268052                     /usr/lib/x86_64-linux-gnu/libffi.so.6.0.1
7f41ceed9000-7f41ceeda000 rw-p 00007000 08:06 268052                     /usr/lib/x86_64-linux-gnu/libffi.so.6.0.1
7f41ceeda000-7f41ceef1000 r-xp 00000000 08:06 2372                       /lib/x86_64-linux-gnu/libresolv-2.19.so
7f41ceef1000-7f41cf0f1000 ---p 00017000 08:06 2372                       /lib/x86_64-linux-gnu/libresolv-2.19.so
7f41cf0f1000-7f41cf0f2000 r--p 00017000 08:06 2372                       /lib/x86_64-linux-gnu/libresolv-2.19.so
7f41cf0f2000-7f41cf0f3000 rw-p 00018000 08:06 2372                       /lib/x86_64-linux-gnu/libresolv-2.19.so
7f41cf0f3000-7f41cf0f5000 rw-p 00000000 00:00 0 
7f41cf0f5000-7f41cf115000 r-xp 00000000 08:06 2174                       /lib/x86_64-linux-gnu/libselinux.so.1
7f41cf115000-7f41cf314000 ---p 00020000 08:06 2174                       /lib/x86_64-linux-gnu/libselinux.so.1
7f41cf314000-7f41cf315000 r--p 0001f000 08:06 2174                       /lib/x86_64-linux-gnu/libselinux.so.1
7f41cf315000-7f41cf316000 rw-p 00020000 08:06 2174                       /lib/x86_64-linux-gnu/libselinux.so.1
7f41cf316000-7f41cf318000 rw-p 00000000 00:00 0 
7f41cf318000-7f41cf31b000 r-xp 00000000 08:06 268176                     /usr/lib/x86_64-linux-gnu/libgmodule-2.0.so.0.4000.0
7f41cf31b000-7f41cf51a000 ---p 00003000 08:06 268176                     /usr/lib/x86_64-linux-gnu/libgmodule-2.0.so.0.4000.0
7f41cf51a000-7f41cf51b000 r--p 00002000 08:06 268176                     /usr/lib/x86_64-linux-gnu/libgmodule-2.0.so.0.4000.0
7f41cf51b000-7f41cf51c000 rw-p 00003000 08:06 268176                     /usr/lib/x86_64-linux-gnu/libgmodule-2.0.so.0.4000.0
7f41cf51c000-7f41cf622000 r-xp 00000000 08:06 2075                       /lib/x86_64-linux-gnu/libglib-2.0.so.0.4000.0
7f41cf622000-7f41cf821000 ---p 00106000 08:06 2075                       /lib/x86_64-linux-gnu/libglib-2.0.so.0.4000.0
7f41cf821000-7f41cf822000 r--p 00105000 08:06 2075                       /lib/x86_64-linux-gnu/libglib-2.0.so.0.4000.0
7f41cf822000-7f41cf823000 rw-p 00106000 08:06 2075                       /lib/x86_64-linux-gnu/libglib-2.0.so.0.4000.0
7f41cf823000-7f41cf824000 rw-p 00000000 00:00 0 
7f41cf824000-7f41cf873000 r-xp 00000000 08:06 268190                     /usr/lib/x86_64-linux-gnu/libgobject-2.0.so.0.4000.0
7f41cf873000-7f41cfa73000 ---p 0004f000 08:06 268190                     /usr/lib/x86_64-linux-gnu/libgobject-2.0.so.0.4000.0
7f41cfa73000-7f41cfa74000 r--p 0004f000 08:06 268190                     /usr/lib/x86_64-linux-gnu/libgobject-2.0.so.0.4000.0
7f41cfa74000-7f41cfa75000 rw-p 00050000 08:06 268190                     /usr/lib/x86_64-linux-gnu/libgobject-2.0.so.0.4000.0
7f41cfa75000-7f41cfbe0000 r-xp 00000000 08:06 268161                     /usr/lib/x86_64-linux-gnu/libgio-2.0.so.0.4000.0
7f41cfbe0000-7f41cfde0000 ---p 0016b000 08:06 268161                     /usr/lib/x86_64-linux-gnu/libgio-2.0.so.0.4000.0
7f41cfde0000-7f41cfde4000 r--p 0016b000 08:06 268161                     /usr/lib/x86_64-linux-gnu/libgio-2.0.so.0.4000.0
7f41cfde4000-7f41cfde6000 rw-p 0016f000 08:06 268161                     /usr/lib/x86_64-linux-gnu/libgio-2.0.so.0.4000.0
7f41cfde6000-7f41cfde8000 rw-p 00000000 00:00 0 
7f41cfde8000-7f41cfdff000 r-xp 00000000 08:06 525424                     /usr/lib/jvm/java-7-openjdk-amd64/jre/lib/amd64/libnet.so
7f41cfdff000-7f41cfffe000 ---p 00017000 08:06 525424                     /usr/lib/jvm/java-7-openjdk-amd64/jre/lib/amd64/libnet.so
7f41cfffe000-7f41cffff000 r--p 00016000 08:06 525424                     /usr/lib/jvm/java-7-openjdk-amd64/jre/lib/amd64/libnet.so
7f41cffff000-7f41d0000000 rw-p 00017000 08:06 525424                     /usr/lib/jvm/java-7-openjdk-amd64/jre/lib/amd64/libnet.so
7f41d0000000-7f41d0021000 rw-p 00000000 00:00 0 
7f41d0021000-7f41d4000000 ---p 00000000 00:00 0 
7f41d407c000-7f41d408c000 r-xp 00000000 08:06 525415                     /usr/lib/jvm/java-7-openjdk-amd64/jre/lib/amd64/libnio.so
7f41d408c000-7f41d428c000 ---p 00010000 08:06 525415                     /usr/lib/jvm/java-7-openjdk-amd64/jre/lib/amd64/libnio.so
7f41d428c000-7f41d428d000 r--p 00010000 08:06 525415                     /usr/lib/jvm/java-7-openjdk-amd64/jre/lib/amd64/libnio.so
7f41d428d000-7f41d428e000 rw-p 00011000 08:06 525415                     /usr/lib/jvm/java-7-openjdk-amd64/jre/lib/amd64/libnio.so
7f41d428e000-7f41d428f000 ---p 00000000 00:00 0 
7f41d428f000-7f41d438f000 rw-p 00000000 00:00 0                          [stack:16491]
7f41d438f000-7f41d4392000 ---p 00000000 00:00 0 
7f41d4392000-7f41d4490000 rw-p 00000000 00:00 0                          [stack:16490]
7f41d4490000-7f41d4493000 ---p 00000000 00:00 0 
7f41d4493000-7f41d4591000 rw-p 00000000 00:00 0                          [stack:16489]
7f41d4591000-7f41d4594000 ---p 00000000 00:00 0 
7f41d4594000-7f41d4692000 rw-p 00000000 00:00 0                          [stack:16488]
7f41d4692000-7f41d4695000 ---p 00000000 00:00 0 
7f41d4695000-7f41d4793000 rw-p 00000000 00:00 0                          [stack:16487]
7f41d4793000-7f41d4ac0000 r--p 00000000 08:06 147180                     /usr/lib/locale/locale-archive
7f41d4ac0000-7f41d4ac3000 ---p 00000000 00:00 0 
7f41d4ac3000-7f41d4bc1000 rw-p 00000000 00:00 0                          [stack:16486]
7f41d4bc1000-7f41d4bc4000 ---p 00000000 00:00 0 
7f41d4bc4000-7f41d4cc2000 rw-p 00000000 00:00 0                          [stack:16485]
7f41d4cc2000-7f41d4cc3000 ---p 00000000 00:00 0 
7f41d4cc3000-7f41d8000000 rw-p 00000000 00:00 0                          [stack:16484]
7f41d8000000-7f41d8021000 rw-p 00000000 00:00 0 
7f41d8021000-7f41dc000000 ---p 00000000 00:00 0 
7f41dc06b000-7f41dc07f000 r--p 00000000 08:06 1324603                    /usr/share/locale-langpack/zh_CN/LC_MESSAGES/libc.mo
7f41dc07f000-7f41dc2ca000 rw-p 00000000 00:00 0 
7f41dc2ca000-7f41dc47b000 r--s 01d21000 08:06 525364                     /usr/lib/jvm/java-7-openjdk-amd64/jre/lib/rt.jar
7f41dc47b000-7f41dc79f000 rw-p 00000000 00:00 0 
7f41dc79f000-7f41dc7a0000 ---p 00000000 00:00 0 
7f41dc7a0000-7f41dc8a0000 rw-p 00000000 00:00 0                          [stack:16483]
7f41dc8a0000-7f41dc8a1000 ---p 00000000 00:00 0 
7f41dc8a1000-7f41dc9a1000 rw-p 00000000 00:00 0                          [stack:16482]
7f41dc9a1000-7f41dc9a2000 ---p 00000000 00:00 0 
7f41dc9a2000-7f41dcaa2000 rw-p 00000000 00:00 0                          [stack:16481]
7f41dcaa2000-7f41dcaa3000 ---p 00000000 00:00 0 
7f41dcaa3000-7f41dcbae000 rw-p 00000000 00:00 0                          [stack:16480]
7f41dcbae000-7f41dcbf6000 rw-p 00000000 00:00 0 
7f41dcbf6000-7f41dcc0b000 rw-p 00000000 00:00 0 
7f41dcc0b000-7f41dcd4b000 rw-p 00000000 00:00 0 
7f41dcd4b000-7f41dcd96000 rw-p 00000000 00:00 0 
7f41dcd96000-7f41dcdf6000 rw-p 00000000 00:00 0 
7f41dcdf6000-7f41dcdf7000 rw-p 00000000 00:00 0 
7f41dcdf7000-7f41dd137000 rwxp 00000000 00:00 0 
7f41dd137000-7f41dfdf7000 rw-p 00000000 00:00 0 
7f41dfdf7000-7f41dfdff000 r-xp 00000000 08:06 525410                     /usr/lib/jvm/java-7-openjdk-amd64/jre/lib/amd64/libzip.so
7f41dfdff000-7f41dfffe000 ---p 00008000 08:06 525410                     /usr/lib/jvm/java-7-openjdk-amd64/jre/lib/amd64/libzip.so
7f41dfffe000-7f41dffff000 r--p 00007000 08:06 525410                     /usr/lib/jvm/java-7-openjdk-amd64/jre/lib/amd64/libzip.so
7f41dffff000-7f41e0000000 rw-p 00008000 08:06 525410                     /usr/lib/jvm/java-7-openjdk-amd64/jre/lib/amd64/libzip.so
7f41e0000000-7f41e0346000 rw-p 00000000 00:00 0 
7f41e0346000-7f41e4000000 ---p 00000000 00:00 0 
7f41e4003000-7f41e400a000 r--s 00000000 08:06 278124                     /usr/lib/x86_64-linux-gnu/gconv/gconv-modules.cache
7f41e400a000-7f41e400f000 r--s 0004c000 08:06 525379                     /usr/lib/jvm/java-7-openjdk-amd64/jre/lib/jsse.jar
7f41e400f000-7f41e401d000 r--s 000b4000 08:06 794699                     /home/hu/文档/android-studio/sdk/build-tools/android-4.4W/lib/dx.jar
7f41e401d000-7f41e4028000 rw-p 00000000 00:00 0 
7f41e4028000-7f41e4070000 rw-p 00000000 00:00 0 
7f41e4070000-7f41e4085000 rw-p 00000000 00:00 0 
7f41e4085000-7f41e41c6000 rw-p 00000000 00:00 0 
7f41e41c6000-7f41e41d1000 r-xp 00000000 08:06 2386                       /lib/x86_64-linux-gnu/libnss_files-2.19.so
7f41e41d1000-7f41e43d0000 ---p 0000b000 08:06 2386                       /lib/x86_64-linux-gnu/libnss_files-2.19.so
7f41e43d0000-7f41e43d1000 r--p 0000a000 08:06 2386                       /lib/x86_64-linux-gnu/libnss_files-2.19.so
7f41e43d1000-7f41e43d2000 rw-p 0000b000 08:06 2386                       /lib/x86_64-linux-gnu/libnss_files-2.19.so
7f41e43d2000-7f41e43dd000 r-xp 00000000 08:06 2387                       /lib/x86_64-linux-gnu/libnss_nis-2.19.so
7f41e43dd000-7f41e45dc000 ---p 0000b000 08:06 2387                       /lib/x86_64-linux-gnu/libnss_nis-2.19.so
7f41e45dc000-7f41e45dd000 r--p 0000a000 08:06 2387                       /lib/x86_64-linux-gnu/libnss_nis-2.19.so
7f41e45dd000-7f41e45de000 rw-p 0000b000 08:06 2387                       /lib/x86_64-linux-gnu/libnss_nis-2.19.so
7f41e45de000-7f41e45f5000 r-xp 00000000 08:06 2373                       /lib/x86_64-linux-gnu/libnsl-2.19.so
7f41e45f5000-7f41e47f4000 ---p 00017000 08:06 2373                       /lib/x86_64-linux-gnu/libnsl-2.19.so
7f41e47f4000-7f41e47f5000 r--p 00016000 08:06 2373                       /lib/x86_64-linux-gnu/libnsl-2.19.so
7f41e47f5000-7f41e47f6000 rw-p 00017000 08:06 2373                       /lib/x86_64-linux-gnu/libnsl-2.19.so
7f41e47f6000-7f41e47f8000 rw-p 00000000 00:00 0 
7f41e47f8000-7f41e4801000 r-xp 00000000 08:06 1958                       /lib/x86_64-linux-gnu/libnss_compat-2.19.so
7f41e4801000-7f41e4a00000 ---p 00009000 08:06 1958                       /lib/x86_64-linux-gnu/libnss_compat-2.19.so
7f41e4a00000-7f41e4a01000 r--p 00008000 08:06 1958                       /lib/x86_64-linux-gnu/libnss_compat-2.19.so
7f41e4a01000-7f41e4a02000 rw-p 00009000 08:06 1958                       /lib/x86_64-linux-gnu/libnss_compat-2.19.so
7f41e4a02000-7f41e4a2d000 r-xp 00000000 08:06 525409                     /usr/lib/jvm/java-7-openjdk-amd64/jre/lib/amd64/libjava.so
7f41e4a2d000-7f41e4c2d000 ---p 0002b000 08:06 525409                     /usr/lib/jvm/java-7-openjdk-amd64/jre/lib/amd64/libjava.so
7f41e4c2d000-7f41e4c2e000 r--p 0002b000 08:06 525409                     /usr/lib/jvm/java-7-openjdk-amd64/jre/lib/amd64/libjava.so
7f41e4c2e000-7f41e4c30000 rw-p 0002c000 08:06 525409                     /usr/lib/jvm/java-7-openjdk-amd64/jre/lib/amd64/libjava.so
7f41e4c30000-7f41e4c40000 r-xp 00000000 08:06 525438                     /usr/lib/jvm/java-7-openjdk-amd64/jre/lib/amd64/libverify.so
7f41e4c40000-7f41e4e3f000 ---p 00010000 08:06 525438                     /usr/lib/jvm/java-7-openjdk-amd64/jre/lib/amd64/libverify.so
7f41e4e3f000-7f41e4e41000 r--p 0000f000 08:06 525438                     /usr/lib/jvm/java-7-openjdk-amd64/jre/lib/amd64/libverify.so
7f41e4e41000-7f41e4e42000 rw-p 00011000 08:06 525438                     /usr/lib/jvm/java-7-openjdk-amd64/jre/lib/amd64/libverify.so
7f41e4e42000-7f41e4e49000 r-xp 00000000 08:06 2375                       /lib/x86_64-linux-gnu/librt-2.19.so
7f41e4e49000-7f41e5048000 ---p 00007000 08:06 2375                       /lib/x86_64-linux-gnu/librt-2.19.so
7f41e5048000-7f41e5049000 r--p 00006000 08:06 2375                       /lib/x86_64-linux-gnu/librt-2.19.so
7f41e5049000-7f41e504a000 rw-p 00007000 08:06 2375                       /lib/x86_64-linux-gnu/librt-2.19.so
7f41e504a000-7f41e5060000 r-xp 00000000 08:06 2024                       /lib/x86_64-linux-gnu/libgcc_s.so.1
7f41e5060000-7f41e525f000 ---p 00016000 08:06 2024                       /lib/x86_64-linux-gnu/libgcc_s.so.1
7f41e525f000-7f41e5260000 rw-p 00015000 08:06 2024                       /lib/x86_64-linux-gnu/libgcc_s.so.1
7f41e5260000-7f41e5365000 r-xp 00000000 08:06 2382                       /lib/x86_64-linux-gnu/libm-2.19.so
7f41e5365000-7f41e5564000 ---p 00105000 08:06 2382                       /lib/x86_64-linux-gnu/libm-2.19.so
7f41e5564000-7f41e5565000 r--p 00104000 08:06 2382                       /lib/x86_64-linux-gnu/libm-2.19.so
7f41e5565000-7f41e5566000 rw-p 00105000 08:06 2382                       /lib/x86_64-linux-gnu/libm-2.19.so
7f41e5566000-7f41e564c000 r-xp 00000000 08:06 268786                     /usr/lib/x86_64-linux-gnu/libstdc++.so.6.0.19
7f41e564c000-7f41e584b000 ---p 000e6000 08:06 268786                     /usr/lib/x86_64-linux-gnu/libstdc++.so.6.0.19
7f41e584b000-7f41e5853000 r--p 000e5000 08:06 268786                     /usr/lib/x86_64-linux-gnu/libstdc++.so.6.0.19
7f41e5853000-7f41e5855000 rw-p 000ed000 08:06 268786                     /usr/lib/x86_64-linux-gnu/libstdc++.so.6.0.19
7f41e5855000-7f41e586a000 rw-p 00000000 00:00 0 
7f41e586a000-7f41e6380000 r-xp 00000000 08:06 525428                     /usr/lib/jvm/java-7-openjdk-amd64/jre/lib/amd64/server/libjvm.so
7f41e6380000-7f41e657f000 ---p 00b16000 08:06 525428                     /usr/lib/jvm/java-7-openjdk-amd64/jre/lib/amd64/server/libjvm.so
7f41e657f000-7f41e6619000 r--p 00b15000 08:06 525428                     /usr/lib/jvm/java-7-openjdk-amd64/jre/lib/amd64/server/libjvm.so
7f41e6619000-7f41e663c000 rw-p 00baf000 08:06 525428                     /usr/lib/jvm/java-7-openjdk-amd64/jre/lib/amd64/server/libjvm.so
7f41e663c000-7f41e666a000 rw-p 00000000 00:00 0 
7f41e666a000-7f41e6682000 r-xp 00000000 08:06 2204                       /lib/x86_64-linux-gnu/libz.so.1.2.8
7f41e6682000-7f41e6881000 ---p 00018000 08:06 2204                       /lib/x86_64-linux-gnu/libz.so.1.2.8
7f41e6881000-7f41e6882000 r--p 00017000 08:06 2204                       /lib/x86_64-linux-gnu/libz.so.1.2.8
7f41e6882000-7f41e6883000 rw-p 00018000 08:06 2204                       /lib/x86_64-linux-gnu/libz.so.1.2.8
7f41e6883000-7f41e689c000 r-xp 00000000 08:06 2392                       /lib/x86_64-linux-gnu/libpthread-2.19.so
7f41e689c000-7f41e6a9b000 ---p 00019000 08:06 2392                       /lib/x86_64-linux-gnu/libpthread-2.19.so
7f41e6a9b000-7f41e6a9c000 r--p 00018000 08:06 2392                       /lib/x86_64-linux-gnu/libpthread-2.19.so
7f41e6a9c000-7f41e6a9d000 rw-p 00019000 08:06 2392                       /lib/x86_64-linux-gnu/libpthread-2.19.so
7f41e6a9d000-7f41e6aa1000 rw-p 00000000 00:00 0 
7f41e6aa1000-7f41e6aa4000 r-xp 00000000 08:06 2391                       /lib/x86_64-linux-gnu/libdl-2.19.so
7f41e6aa4000-7f41e6ca3000 ---p 00003000 08:06 2391                       /lib/x86_64-linux-gnu/libdl-2.19.so
7f41e6ca3000-7f41e6ca4000 r--p 00002000 08:06 2391                       /lib/x86_64-linux-gnu/libdl-2.19.so
7f41e6ca4000-7f41e6ca5000 rw-p 00003000 08:06 2391                       /lib/x86_64-linux-gnu/libdl-2.19.so
7f41e6ca5000-7f41e6e60000 r-xp 00000000 08:06 2379                       /lib/x86_64-linux-gnu/libc-2.19.so
7f41e6e60000-7f41e7060000 ---p 001bb000 08:06 2379                       /lib/x86_64-linux-gnu/libc-2.19.so
7f41e7060000-7f41e7064000 r--p 001bb000 08:06 2379                       /lib/x86_64-linux-gnu/libc-2.19.so
7f41e7064000-7f41e7066000 rw-p 001bf000 08:06 2379                       /lib/x86_64-linux-gnu/libc-2.19.so
7f41e7066000-7f41e706b000 rw-p 00000000 00:00 0 
7f41e706b000-7f41e7078000 r-xp 00000000 08:06 525443                     /usr/lib/jvm/java-7-openjdk-amd64/jre/lib/amd64/jli/libjli.so
7f41e7078000-7f41e7277000 ---p 0000d000 08:06 525443                     /usr/lib/jvm/java-7-openjdk-amd64/jre/lib/amd64/jli/libjli.so
7f41e7277000-7f41e7278000 r--p 0000c000 08:06 525443                     /usr/lib/jvm/java-7-openjdk-amd64/jre/lib/amd64/jli/libjli.so
7f41e7278000-7f41e7279000 rw-p 0000d000 08:06 525443                     /usr/lib/jvm/java-7-openjdk-amd64/jre/lib/amd64/jli/libjli.so
7f41e7279000-7f41e729c000 r-xp 00000000 08:06 2380                       /lib/x86_64-linux-gnu/ld-2.19.so
7f41e729e000-7f41e729f000 rw-p 00000000 00:00 0 
7f41e729f000-7f41e72a2000 r--s 0000f000 08:06 525399                     /usr/lib/jvm/java-7-openjdk-amd64/jre/lib/ext/pulse-java.jar
7f41e72a2000-7f41e72c7000 rw-p 00000000 00:00 0 
7f41e72c7000-7f41e737a000 rw-p 00000000 00:00 0 
7f41e737a000-7f41e737d000 ---p 00000000 00:00 0 
7f41e737d000-7f41e7480000 rw-p 00000000 00:00 0                          [stack:16479]
7f41e7480000-7f41e7482000 r--s 00012000 08:06 525402                     /usr/lib/jvm/java-7-openjdk-amd64/jre/lib/ext/zipfs.jar
7f41e7482000-7f41e7483000 r--s 00002000 08:06 525403                     /usr/lib/jvm/java-7-openjdk-amd64/jre/lib/ext/dnsns.jar
7f41e7483000-7f41e7487000 r--s 00085000 08:06 525404                     /usr/lib/jvm/java-7-openjdk-amd64/jre/lib/ext/localedata.jar
7f41e7487000-7f41e7489000 r--s 00006000 08:06 1100041                    /usr/share/java/java-atk-wrapper.jar
7f41e7489000-7f41e748c000 r--s 00032000 08:06 525398                     /usr/lib/jvm/java-7-openjdk-amd64/jre/lib/ext/sunjce_provider.jar
7f41e748c000-7f41e748f000 r--s 0003c000 08:06 525400                     /usr/lib/jvm/java-7-openjdk-amd64/jre/lib/ext/sunpkcs11.jar
7f41e748f000-7f41e7497000 rw-s 00000000 08:06 1709347                    /tmp/hsperfdata_hu/16470
7f41e7497000-7f41e7498000 rw-p 00000000 00:00 0 
7f41e7498000-7f41e7499000 ---p 00000000 00:00 0 
7f41e7499000-7f41e749b000 rw-p 00000000 00:00 0 
7f41e749b000-7f41e749c000 r--p 00022000 08:06 2380                       /lib/x86_64-linux-gnu/ld-2.19.so
7f41e749c000-7f41e749d000 rw-p 00023000 08:06 2380                       /lib/x86_64-linux-gnu/ld-2.19.so
7f41e749d000-7f41e749e000 rw-p 00000000 00:00 0 
7fff7608e000-7fff760b1000 rw-p 00000000 00:00 0                          [stack]
7fff76199000-7fff7619b000 r-xp 00000000 00:00 0                          [vdso]
ffffffffff600000-ffffffffff601000 r-xp 00000000 00:00 0                  [vsyscall]

VM Arguments:
jvm_args: -Xmx1024M -Dawt.useSystemAAFontSettings=gasp 
java_command: /home/hu/文档/android-studio/sdk/build-tools/android-4.4W/lib/dx.jar --dex --output /home/hu/文档/android project/Merchants/main/build/intermediates/dex/debug /home/hu/文档/android project/Merchants/main/build/intermediates/classes/debug /home/hu/文档/android project/Merchants/main/build/intermediates/dependency-cache/debug /home/hu/文档/android project/Merchants/main/build/intermediates/pre-dexed/debug/okhttp-1.2.1-fb4fd075bd029504d3119d15f1a7c87d2ed1decb.jar /home/hu/文档/android project/Merchants/main/build/intermediates/pre-dexed/debug/butterknife-5.1.2-a92ca2fa7565a5ea0c02326cc3449dc9a3ea75b3.jar /home/hu/文档/android project/Merchants/main/build/intermediates/pre-dexed/debug/okhttp-protocols-1.2.1-d4851978962bf2cbbde63573dbb9ae36d7b794a7.jar /home/hu/文档/android project/Merchants/main/build/intermediates/pre-dexed/debug/retrofit-1.2.2-154b28a471f962ac8bf36e7982c55c02594ca3f4.jar /home/hu/文档/android project/Merchants/main/build/intermediates/pre-dexed/debug/gson-2.2.4-44e473c87cd88a13eaf716827f74c5e5dc3caa8c.jar /home/hu/文档/android project/Merchants/main/build/intermediates/pre-dexed/debug/rxjava-core-0.14.6-d5b7a37a4cefbed2bad278fa66f2c9045ccc1b7c.jar /home/hu/文档/android project/Merchants/main/build/intermediates/pre-dexed/debug/classes-3181e9088396159d370347cecbd7a8344399f443.jar /home/hu/文档/android project/Merchants/main/build/intermediates/pre-dexed/debug/nineoldandroids-library-2.4.0-70a75462fd45ee917d762cf4b61d80707619aece.jar /home/hu/文档/android project/Merchants/main/build/intermediates/pre-dexed/debug/classes-3e4ab5d3c18c5276c0ef4780b68310be38315352.jar /home/hu/文档/android project/Merchants/main/build/intermediates/pre-dexed/debug/support-v4-19.1.0-f1111df102c891db75108616532055c89644bd85.jar /home/hu/文档/android project/Merchants/main/build/intermediates/pre-dexed/debug/rxjava-android-0.14.6-549b2f97c8509bf3a255c349bf28d7ab73ae5bb1.jar /home/hu/文档/android project/Merchants/main/build/inte
Launcher Type: SUN_STANDARD

Environment Variables:
JAVA_HOME=/home/hu/文档/jdk
_JAVA_OPTIONS=  -Dawt.useSystemAAFontSettings=gasp
CLASSPATH=./../lib/bootstrap.jar:./../lib/extensions.jar:./../lib/util.jar:./../lib/jdom.jar:./../lib/log4j.jar:./../lib/trove4j.jar:./../lib/jna.jar:/home/hu/文档/jdk/lib/tools.jar
PATH=/usr/local/sbin:/usr/local/bin:/usr/sbin:/usr/bin:/sbin:/bin:/usr/games:/usr/local/games:/usr/local/apache-maven-3.2.3/bin
LD_LIBRARY_PATH=.:
SHELL=/bin/bash
DISPLAY=:0.0

Signal Handlers:
SIGSEGV: [libjvm.so+0x949180], sa_mask[0]=0x7ffbfeff, sa_flags=0x10000004
SIGBUS: [libjvm.so+0x949180], sa_mask[0]=0x7ffbfeff, sa_flags=0x10000004
SIGFPE: [libjvm.so+0x7c2ec0], sa_mask[0]=0x7ffbfeff, sa_flags=0x10000004
SIGPIPE: [libjvm.so+0x7c2ec0], sa_mask[0]=0x7ffbfeff, sa_flags=0x10000004
SIGXFSZ: [libjvm.so+0x7c2ec0], sa_mask[0]=0x7ffbfeff, sa_flags=0x10000004
SIGILL: [libjvm.so+0x7c2ec0], sa_mask[0]=0x7ffbfeff, sa_flags=0x10000004
SIGUSR1: SIG_DFL, sa_mask[0]=0x00000000, sa_flags=0x00000000
SIGUSR2: [libjvm.so+0x7c2d60], sa_mask[0]=0x00000004, sa_flags=0x10000004
SIGHUP: [libjvm.so+0x7c2f40], sa_mask[0]=0x7ffbfeff, sa_flags=0x10000004
SIGINT: [libjvm.so+0x7c2f40], sa_mask[0]=0x7ffbfeff, sa_flags=0x10000004
SIGTERM: [libjvm.so+0x7c2f40], sa_mask[0]=0x7ffbfeff, sa_flags=0x10000004
SIGQUIT: [libjvm.so+0x7c2f40], sa_mask[0]=0x7ffbfeff, sa_flags=0x10000004
SIGTRAP: SIG_DFL, sa_mask[0]=0x00000000, sa_flags=0x00000000


---------------  S Y S T E M  ---------------

OS:                                                                                                                                                                                                                                                                                                                                                                                                                                                                                                                                                                                                                                                                                                                                                                                                                                                                                                                                                                                                                                                                                                                                                                                                                                                                                                                                                                                                                                                                                                                                                                                                                                                                                                                                                                                                                                                  